
/home/runner/work/exp-acceleration-analysis-slider-crank-nitk/exp-acceleration-analysis-slider-crank-nitk/experiment/simulation/js/MOMscript.js
   22:10  warning  'point' is defined but never used       no-unused-vars
   30:10  warning  'pointtrans' is defined but never used  no-unused-vars
   38:10  warning  'pointdisp' is defined but never used   no-unused-vars
   88:10  warning  'pointdist' is defined but never used   no-unused-vars
   94:10  warning  'pointjoin' is defined but never used   no-unused-vars
  109:10  warning  'pointtrace' is defined but never used  no-unused-vars
  127:10  warning  'deg' is defined but never used         no-unused-vars
  137:10  warning  'drawrect' is defined but never used    no-unused-vars
  157:10  warning  'drawArrow' is defined but never used   no-unused-vars
  173:10  warning  'signof' is defined but never used      no-unused-vars
  179:10  warning  'roundd' is defined but never used      no-unused-vars
  185:10  warning  'plotgraph' is defined but never used   no-unused-vars
  195:1   warning  'i' is not defined                      no-undef
  197:7   warning  'i' is not defined                      no-undef
  199:20  warning  'i' is not defined                      no-undef
  199:27  warning  'i' is not defined                      no-undef
  200:2   warning  'i' is not defined                      no-undef
  201:6   warning  'i' is not defined                      no-undef
  204:3   warning  'i' is not defined                      no-undef
  204:5   warning  'i' is not defined                      no-undef

/home/runner/work/exp-acceleration-analysis-slider-crank-nitk/exp-acceleration-analysis-slider-crank-nitk/experiment/simulation/js/dpi.js
  42:10  error  Parsing error: Identifier 'fix_dpi' has already been declared

/home/runner/work/exp-acceleration-analysis-slider-crank-nitk/exp-acceleration-analysis-slider-crank-nitk/experiment/simulation/js/jquery-3.6.0.js
     17:44  warning  'module' is not defined                                                    no-undef
     25:5   warning  'module' is not defined                                                    no-undef
    142:13  warning  'Symbol' is already defined as a built-in global variable                  no-redeclare
    717:22  warning  Unexpected control character(s) in regular expression: \x1f, \x1f          no-control-regex
    779:50  warning  Empty block statement                                                      no-empty
   2185:38  warning  Do not access Object.prototype method 'hasOwnProperty' from target object  no-prototype-builtins
   3205:16  warning  Unnecessary escape character: \/                                           no-useless-escape
   3507:52  warning  Empty block statement                                                      no-empty
   4584:21  warning  Empty block statement                                                      no-empty
   5051:28  warning  Unnecessary escape character: \/                                           no-useless-escape
   5268:19  warning  Empty block statement                                                      no-empty
   6564:25  warning  Empty block statement                                                      no-empty
   9171:17  warning  Empty block statement                                                      no-empty
   9819:28  warning  'urlAnchor.href' is assigned to itself                                     no-self-assign
  10269:17  warning  Empty block statement                                                      no-empty
  11162:39  warning  'define' is not defined                                                    no-undef
  11163:5   warning  'define' is not defined                                                    no-undef

/home/runner/work/exp-acceleration-analysis-slider-crank-nitk/exp-acceleration-analysis-slider-crank-nitk/experiment/simulation/js/jquery-ui.js
      9:39  warning  'define' is not defined                                      no-undef
     11:5   warning  'define' is not defined                                      no-undef
     14:13  warning  'jQuery' is not defined                                      no-undef
     21:7   warning  'version' is assigned a value but never used                 no-unused-vars
    797:7   warning  'widget' is assigned a value but never used                  no-unused-vars
    822:19  warning  Unnecessary escape character: \+                             no-useless-escape
    822:21  warning  Unnecessary escape character: \-                             no-useless-escape
   1365:7   warning  'position' is assigned a value but never used                no-unused-vars
   1381:7   warning  'data' is assigned a value but never used                    no-unused-vars
   1410:7   warning  'disableSelection' is assigned a value but never used        no-unused-vars
   1452:23  warning  Unnecessary escape character: \-                             no-useless-escape
   1462:39  warning  Unnecessary escape character: \%                             no-useless-escape
   1462:63  warning  Unnecessary escape character: \%                             no-useless-escape
   1462:87  warning  Unnecessary escape character: \%                             no-useless-escape
   1499:61  warning  Unnecessary escape character: \%                             no-useless-escape
   1499:85  warning  Unnecessary escape character: \%                             no-useless-escape
   2078:29  warning  Empty block statement                                        no-empty
   3120:63  warning  Empty block statement                                        no-empty
   3156:7   warning  'effectsEffectBlind' is assigned a value but never used      no-unused-vars
   3217:7   warning  'effectsEffectBounce' is assigned a value but never used     no-unused-vars
   3309:7   warning  'effectsEffectClip' is assigned a value but never used       no-unused-vars
   3360:7   warning  'effectsEffectDrop' is assigned a value but never used       no-unused-vars
   3418:7   warning  'effectsEffectExplode' is assigned a value but never used    no-unused-vars
   3523:7   warning  'effectsEffectFade' is assigned a value but never used       no-unused-vars
   3560:7   warning  'effectsEffectFold' is assigned a value but never used       no-unused-vars
   3639:7   warning  'effectsEffectHighlight' is assigned a value but never used  no-unused-vars
   3683:7   warning  'effectsEffectSize' is assigned a value but never used       no-unused-vars
   3884:7   warning  'effectsEffectScale' is assigned a value but never used      no-unused-vars
   3929:7   warning  'effectsEffectPuff' is assigned a value but never used       no-unused-vars
   3957:7   warning  'effectsEffectPulsate' is assigned a value but never used    no-unused-vars
   4007:7   warning  'effectsEffectShake' is assigned a value but never used      no-unused-vars
   4062:7   warning  'effectsEffectSlide' is assigned a value but never used      no-unused-vars
   4127:7   warning  'effect' is already defined                                  no-redeclare
   4133:7   warning  'effectsEffectTransfer' is assigned a value but never used   no-unused-vars
   4209:7   warning  'focusable' is assigned a value but never used               no-unused-vars
   4214:7   warning  'form' is assigned a value but never used                    no-unused-vars
   4234:7   warning  'formResetMixin' is assigned a value but never used          no-unused-vars
   4311:22  warning  Unexpected control character(s) in regular expression: \x1f  no-control-regex
   4369:7   warning  'keycode' is assigned a value but never used                 no-unused-vars
   4402:7   warning  'labels' is assigned a value but never used                  no-unused-vars
   4455:7   warning  'scrollParent' is assigned a value but never used            no-unused-vars
   4492:7   warning  'tabbable' is assigned a value but never used                no-unused-vars
   4516:7   warning  'uniqueId' is assigned a value but never used                no-unused-vars
   4558:7   warning  'widgetsAccordion' is assigned a value but never used        no-unused-vars
   5187:7   warning  'safeActiveElement' is assigned a value but never used       no-unused-vars
   5233:7   warning  'widgetsMenu' is assigned a value but never used             no-unused-vars
   5939:13  warning  Unnecessary escape character: \-                             no-useless-escape
   5939:15  warning  Unnecessary escape character: \[                             no-useless-escape
   5939:30  warning  Unnecessary escape character: \^                             no-useless-escape
   6581:30  warning  Unnecessary escape character: \-                             no-useless-escape
   6581:32  warning  Unnecessary escape character: \[                             no-useless-escape
   6581:47  warning  Unnecessary escape character: \^                             no-useless-escape
   6626:7   warning  'widgetsAutocomplete' is assigned a value but never used     no-unused-vars
   6648:7   warning  'widgetsControlgroup' is assigned a value but never used     no-unused-vars
   7239:7   warning  'widgetsCheckboxradio' is assigned a value but never used    no-unused-vars
   7686:7   warning  'widgetsButton' is assigned a value but never used           no-unused-vars
   7921:51  warning  Unnecessary escape character: \-                             no-useless-escape
   8620:23  warning  Empty block statement                                        no-empty
   9326:18  warning  Unexpected constant condition                                no-constant-condition
   9623:27  warning  Unnecessary escape character: \-                             no-useless-escape
  10293:40  warning  Unnecessary escape character: \-                             no-useless-escape
  10295:32  warning  Unnecessary escape character: \-                             no-useless-escape
  10435:35  warning  Unnecessary escape character: \-                             no-useless-escape
  10438:35  warning  Unnecessary escape character: \-                             no-useless-escape
  10603:7   warning  'widgetsDatepicker' is assigned a value but never used       no-unused-vars
  10606:7   warning  'ie' is assigned a value but never used                      no-unused-vars
  10627:7   warning  'widgetsMouse' is assigned a value but never used            no-unused-vars
  10835:7   warning  'plugin' is assigned a value but never used                  no-unused-vars
  10868:7   warning  'safeBlur' is assigned a value but never used                no-unused-vars
  12169:7   warning  'widgetsDraggable' is assigned a value but never used        no-unused-vars
  13428:7   warning  'widgetsResizable' is assigned a value but never used        no-unused-vars
  14383:7   warning  'widgetsDialog' is assigned a value but never used           no-unused-vars
  14902:7   warning  'widgetsDroppable' is assigned a value but never used        no-unused-vars
  14924:7   warning  'widgetsProgressbar' is assigned a value but never used      no-unused-vars
  15081:7   warning  'widgetsSelectable' is assigned a value but never used       no-unused-vars
  15399:7   warning  'widgetsSelectmenu' is assigned a value but never used       no-unused-vars
  16098:7   warning  'widgetsSlider' is assigned a value but never used           no-unused-vars
  16890:7   warning  'widgetsSortable' is assigned a value but never used         no-unused-vars
  17501:33  warning  Unnecessary escape character: \-                             no-useless-escape
  19078:15  warning  'Globalize' is not defined                                   no-undef
  19089:11  warning  'Globalize' is not defined                                   no-undef
  19209:7   warning  'widgetsSpinner' is assigned a value but never used          no-unused-vars
  19265:25  warning  Empty block statement                                        no-empty
  19268:25  warning  Empty block statement                                        no-empty
  19507:38  warning  Unnecessary escape character: \/                             no-useless-escape
  19507:47  warning  Unnecessary escape character: \[                             no-useless-escape
  19507:51  warning  Unnecessary escape character: \^                             no-useless-escape
  20132:7   warning  'widgetsTabs' is assigned a value but never used             no-unused-vars
  20643:7   warning  'widgetsTooltip' is assigned a value but never used          no-unused-vars

/home/runner/work/exp-acceleration-analysis-slider-crank-nitk/exp-acceleration-analysis-slider-crank-nitk/experiment/simulation/js/jquery.ui.touch-punch.js
  174:4  warning  'jQuery' is not defined  no-undef

/home/runner/work/exp-acceleration-analysis-slider-crank-nitk/exp-acceleration-analysis-slider-crank-nitk/experiment/simulation/js/jquery.ui.touch-punch.min.js
  81:4  warning  'jQuery' is not defined  no-undef

/home/runner/work/exp-acceleration-analysis-slider-crank-nitk/exp-acceleration-analysis-slider-crank-nitk/experiment/simulation/js/newscript.js
    4:5   warning  'commenttext' is assigned a value but never used  no-unused-vars
    5:5   warning  'commentloc' is assigned a value but never used   no-unused-vars
    7:17  warning  'point' is not defined                            no-undef
    8:18  warning  'point' is not defined                            no-undef
    9:18  warning  'point' is not defined                            no-undef
   13:13  warning  'point' is not defined                            no-undef
   14:13  warning  'point' is not defined                            no-undef
   15:13  warning  'point' is not defined                            no-undef
   16:14  warning  'point' is not defined                            no-undef
   17:14  warning  'point' is not defined                            no-undef
   18:14  warning  'point' is not defined                            no-undef
   19:15  warning  'point' is not defined                            no-undef
   20:14  warning  'point' is not defined                            no-undef
   21:14  warning  'point' is not defined                            no-undef
   22:14  warning  'point' is not defined                            no-undef
   23:15  warning  'point' is not defined                            no-undef
   24:16  warning  'point' is not defined                            no-undef
   25:16  warning  'point' is not defined                            no-undef
   26:14  warning  'point' is not defined                            no-undef
   27:14  warning  'point' is not defined                            no-undef
   28:15  warning  'point' is not defined                            no-undef
   36:2   warning  'theta3' is not defined                           no-undef
   36:16  warning  'alpha3' is not defined                           no-undef
   50:5   warning  'flaggrashof' is assigned a value but never used  no-unused-vars
   52:13  warning  'canvas2' is defined but never used               no-unused-vars
   53:10  warning  'ctx2' is defined but never used                  no-unused-vars
   57:5   warning  'time' is assigned a value but never used         no-unused-vars
   59:5   warning  'ptx' is assigned a value but never used          no-unused-vars
   60:5   warning  'pty' is assigned a value but never used          no-unused-vars
   63:5   warning  'quickrefCS' is assigned a value but never used   no-unused-vars
   65:5   warning  'temp' is assigned a value but never used         no-unused-vars
   66:5   warning  'offset' is assigned a value but never used       no-unused-vars
   74:10  warning  'editcss' is defined but never used               no-unused-vars
   75:3   warning  '$' is not defined                                no-undef
   78:3   warning  '$' is not defined                                no-undef
   79:3   warning  '$' is not defined                                no-undef
   84:3   warning  '$' is not defined                                no-undef
   85:3   warning  '$' is not defined                                no-undef
   96:3   warning  '$' is not defined                                no-undef
  100:10  warning  'startsim' is defined but never used              no-unused-vars
  105:10  warning  'simstate' is defined but never used              no-unused-vars
  115:5   warning  '$' is not defined                                no-undef
  130:10  warning  'rotstate' is defined but never used              no-unused-vars
  170:10  warning  'showLegend' is defined but never used            no-unused-vars
  172:5   warning  '$' is not defined                                no-undef
  173:5   warning  '$' is not defined                                no-undef
  174:5   warning  '$' is not defined                                no-undef
  177:5   warning  '$' is not defined                                no-undef
  178:5   warning  '$' is not defined                                no-undef
  182:5   warning  '$' is not defined                                no-undef
  188:10  warning  'varinit' is defined but never used               no-unused-vars
  194:3   warning  '$' is not defined                                no-undef
  195:3   warning  '$' is not defined                                no-undef
  197:3   warning  '$' is not defined                                no-undef
  198:3   warning  '$' is not defined                                no-undef
  203:3   warning  '$' is not defined                                no-undef
  204:3   warning  '$' is not defined                                no-undef
  206:3   warning  '$' is not defined                                no-undef
  207:3   warning  '$' is not defined                                no-undef
  223:3   warning  '$' is not defined                                no-undef
  224:3   warning  '$' is not defined                                no-undef
  227:3   warning  '$' is not defined                                no-undef
  228:5   warning  '$' is not defined                                no-undef
  233:3   warning  '$' is not defined                                no-undef
  234:5   warning  '$' is not defined                                no-undef
  239:3   warning  '$' is not defined                                no-undef
  240:20  warning  '$' is not defined                                no-undef
  245:3   warning  '$' is not defined                                no-undef
  246:3   warning  '$' is not defined                                no-undef
  249:3   warning  '$' is not defined                                no-undef
  250:5   warning  '$' is not defined                                no-undef
  254:3   warning  '$' is not defined                                no-undef
  255:5   warning  '$' is not defined                                no-undef
  259:3   warning  '$' is not defined                                no-undef
  273:3   warning  '$' is not defined                                no-undef
  274:3   warning  '$' is not defined                                no-undef
  277:3   warning  '$' is not defined                                no-undef
  278:5   warning  '$' is not defined                                no-undef
  282:3   warning  '$' is not defined                                no-undef
  283:5   warning  '$' is not defined                                no-undef
  287:3   warning  '$' is not defined                                no-undef
  292:3   warning  '$' is not defined                                no-undef
  293:3   warning  '$' is not defined                                no-undef
  296:3   warning  '$' is not defined                                no-undef
  297:5   warning  '$' is not defined                                no-undef
  301:3   warning  '$' is not defined                                no-undef
  302:5   warning  '$' is not defined                                no-undef
  306:3   warning  '$' is not defined                                no-undef
  319:3   warning  '$' is not defined                                no-undef
  320:3   warning  '$' is not defined                                no-undef
  321:3   warning  '$' is not defined                                no-undef
  322:3   warning  '$' is not defined                                no-undef
  324:19  warning  '$' is not defined                                no-undef
  326:5   warning  '$' is not defined                                no-undef
  328:7   warning  '$' is not defined                                no-undef
  331:5   warning  '$' is not defined                                no-undef
  333:7   warning  '$' is not defined                                no-undef
  336:5   warning  '$' is not defined                                no-undef
  338:7   warning  '$' is not defined                                no-undef
  345:3   warning  '$' is not defined                                no-undef
  345:34  warning  '$' is not defined                                no-undef
  346:3   warning  '$' is not defined                                no-undef
  346:34  warning  '$' is not defined                                no-undef
  347:3   warning  '$' is not defined                                no-undef
  347:38  warning  '$' is not defined                                no-undef
  349:7   warning  '$' is not defined                                no-undef
  350:7   warning  '$' is not defined                                no-undef
  351:3   warning  '$' is not defined                                no-undef
  351:36  warning  '$' is not defined                                no-undef
  352:3   warning  '$' is not defined                                no-undef
  352:38  warning  '$' is not defined                                no-undef
  353:3   warning  '$' is not defined                                no-undef
  353:38  warning  '$' is not defined                                no-undef
  354:3   warning  '$' is not defined                                no-undef
  354:40  warning  '$' is not defined                                no-undef
  356:5   warning  '$' is not defined                                no-undef
  357:5   warning  '$' is not defined                                no-undef
  359:5   warning  '$' is not defined                                no-undef
  360:5   warning  '$' is not defined                                no-undef
  362:26  warning  '$' is not defined                                no-undef
  364:29  warning  'deg' is not defined                              no-undef
  370:5   warning  '$' is not defined                                no-undef
  371:5   warning  '$' is not defined                                no-undef
  372:5   warning  '$' is not defined                                no-undef
  373:5   warning  '$' is not defined                                no-undef
  374:26  warning  '$' is not defined                                no-undef
  375:14  warning  '$' is not defined                                no-undef
  384:9   warning  'deg' is not defined                              no-undef
  384:37  warning  'rad' is not defined                              no-undef
  385:3   warning  'theta3' is not defined                           no-undef
  392:47  warning  'rad' is not defined                              no-undef
  393:47  warning  'rad' is not defined                              no-undef
  394:47  warning  'rad' is not defined                              no-undef
  394:51  warning  'theta3' is not defined                           no-undef
  395:47  warning  'rad' is not defined                              no-undef
  395:51  warning  'theta3' is not defined                           no-undef
  399:36  warning  'rad' is not defined                              no-undef
  399:66  warning  'rad' is not defined                              no-undef
  399:70  warning  'theta3' is not defined                           no-undef
  400:3   warning  't3' is not defined                               no-undef
  403:28  warning  'rad' is not defined                              no-undef
  403:65  warning  'rad' is not defined                              no-undef
  403:69  warning  'theta3' is not defined                           no-undef
  416:52  warning  'rad' is not defined                              no-undef
  417:52  warning  'rad' is not defined                              no-undef
  418:54  warning  'rad' is not defined                              no-undef
  418:63  warning  'theta3' is not defined                           no-undef
  419:54  warning  'rad' is not defined                              no-undef
  419:63  warning  'theta3' is not defined                           no-undef
  420:52  warning  'rad' is not defined                              no-undef
  421:52  warning  'rad' is not defined                              no-undef
  426:7   warning  't1' is assigned a value but never used           no-unused-vars
  435:22  warning  'rad' is not defined                              no-undef
  435:55  warning  'rad' is not defined                              no-undef
  436:14  warning  'rad' is not defined                              no-undef
  437:3   warning  'alpha3' is not defined                           no-undef
  442:22  warning  'rad' is not defined                              no-undef
  443:23  warning  'rad' is not defined                              no-undef
  443:27  warning  'theta3' is not defined                           no-undef
  444:23  warning  'rad' is not defined                              no-undef
  444:27  warning  'theta3' is not defined                           no-undef
  476:52  warning  'rad' is not defined                              no-undef
  477:52  warning  'rad' is not defined                              no-undef
  478:56  warning  'rad' is not defined                              no-undef
  478:66  warning  'theta3' is not defined                           no-undef
  479:56  warning  'rad' is not defined                              no-undef
  479:66  warning  'theta3' is not defined                           no-undef
  480:58  warning  'rad' is not defined                              no-undef
  480:67  warning  'theta3' is not defined                           no-undef
  481:58  warning  'rad' is not defined                              no-undef
  481:67  warning  'theta3' is not defined                           no-undef
  500:3   warning  'pointtrans' is not defined                       no-undef
  501:3   warning  'pointtrans' is not defined                       no-undef
  502:3   warning  'pointtrans' is not defined                       no-undef
  521:3   warning  'pointjoin' is not defined                        no-undef
  523:3   warning  'pointdisp' is not defined                        no-undef
  525:3   warning  'pointjoin' is not defined                        no-undef
  527:3   warning  'pointdisp' is not defined                        no-undef
  529:3   warning  'pointdisp' is not defined                        no-undef
  535:3   warning  'drawrect' is not defined                         no-undef
  585:8   warning  'pointtrans' is not defined                       no-undef
  586:8   warning  'pointtrans' is not defined                       no-undef
  587:9   warning  'pointtrans' is not defined                       no-undef
  588:8   warning  'pointtrans' is not defined                       no-undef
  590:3   warning  'pointjoin' is not defined                        no-undef
  591:3   warning  'drawArrow' is not defined                        no-undef
  601:3   warning  'pointjoin' is not defined                        no-undef
  602:3   warning  'drawArrow' is not defined                        no-undef
  606:12  warning  'theta3' is not defined                           no-undef
  606:21  warning  'signof' is not defined                           no-undef
  612:3   warning  'pointjoin' is not defined                        no-undef
  613:3   warning  'drawArrow' is not defined                        no-undef
  617:10  warning  'signof' is not defined                           no-undef
  625:3   warning  'pointdisp' is not defined                        no-undef
  629:3   warning  'pointdisp' is not defined                        no-undef
  633:3   warning  'pointdisp' is not defined                        no-undef
  735:5   warning  'roundd' is not defined                           no-undef
  738:5   warning  'roundd' is not defined                           no-undef
  741:5   warning  'roundd' is not defined                           no-undef
  744:5   warning  'roundd' is not defined                           no-undef
  747:5   warning  'roundd' is not defined                           no-undef
  750:5   warning  'roundd' is not defined                           no-undef
  753:5   warning  'roundd' is not defined                           no-undef
  756:5   warning  'roundd' is not defined                           no-undef
  756:12  warning  'alpha3' is not defined                           no-undef
  759:5   warning  'roundd' is not defined                           no-undef
  772:8   warning  'pointtrans' is not defined                       no-undef
  773:8   warning  'pointtrans' is not defined                       no-undef
  774:8   warning  'pointtrans' is not defined                       no-undef
  775:9   warning  'pointtrans' is not defined                       no-undef
  776:10  warning  'pointtrans' is not defined                       no-undef
  777:10  warning  'pointtrans' is not defined                       no-undef
  778:11  warning  'deg' is not defined                              no-undef
  779:3   warning  'pointjoin' is not defined                        no-undef
  780:3   warning  'drawArrow' is not defined                        no-undef
  781:3   warning  'pointjoin' is not defined                        no-undef
  782:3   warning  'drawArrow' is not defined                        no-undef
  786:10  warning  'signof' is not defined                           no-undef
  796:3   warning  'drawArrow' is not defined                        no-undef
  800:10  warning  'signof' is not defined                           no-undef
  806:3   warning  'drawArrow' is not defined                        no-undef
  810:11  warning  'signof' is not defined                           no-undef
  815:3   warning  'drawArrow' is not defined                        no-undef
  815:49  warning  'theta3' is not defined                           no-undef
  829:3   warning  'pointjoin' is not defined                        no-undef
  845:3   warning  'pointjoin' is not defined                        no-undef

/home/runner/work/exp-acceleration-analysis-slider-crank-nitk/exp-acceleration-analysis-slider-crank-nitk/experiment/simulation/js/script.js
   3:7   warning  'ctx' is assigned a value but never used  no-unused-vars
  10:3   warning  '$' is not defined                        no-undef
  11:3   warning  '$' is not defined                        no-undef
  12:3   warning  '$' is not defined                        no-undef
  13:3   warning  '$' is not defined                        no-undef
  14:3   warning  '$' is not defined                        no-undef
  15:3   warning  '$' is not defined                        no-undef
  16:3   warning  '$' is not defined                        no-undef
  17:3   warning  '$' is not defined                        no-undef
  20:3   warning  '$' is not defined                        no-undef
  21:3   warning  '$' is not defined                        no-undef
  23:3   warning  '$' is not defined                        no-undef
  24:5   warning  '$' is not defined                        no-undef
  25:5   warning  'time' is not defined                     no-undef
  28:3   warning  '$' is not defined                        no-undef
  29:5   warning  '$' is not defined                        no-undef
  30:5   warning  'time' is not defined                     no-undef
  33:3   warning  '$' is not defined                        no-undef
  37:3   warning  '$' is not defined                        no-undef
  38:3   warning  '$' is not defined                        no-undef
  40:3   warning  '$' is not defined                        no-undef
  41:5   warning  '$' is not defined                        no-undef
  42:5   warning  'time' is not defined                     no-undef
  45:3   warning  '$' is not defined                        no-undef
  46:5   warning  '$' is not defined                        no-undef
  47:5   warning  'time' is not defined                     no-undef
  50:3   warning  '$' is not defined                        no-undef
  53:3   warning  '$' is not defined                        no-undef
  57:3   warning  '$' is not defined                        no-undef
  58:3   warning  '$' is not defined                        no-undef
  60:3   warning  '$' is not defined                        no-undef
  61:5   warning  '$' is not defined                        no-undef
  62:5   warning  'time' is not defined                     no-undef
  65:3   warning  '$' is not defined                        no-undef
  66:5   warning  '$' is not defined                        no-undef
  67:5   warning  'time' is not defined                     no-undef
  70:3   warning  '$' is not defined                        no-undef
  73:3   warning  '$' is not defined                        no-undef
  74:3   warning  '$' is not defined                        no-undef
  77:3   warning  '$' is not defined                        no-undef
  77:38  warning  '$' is not defined                        no-undef
  78:3   warning  '$' is not defined                        no-undef
  78:40  warning  '$' is not defined                        no-undef
  79:3   warning  '$' is not defined                        no-undef
  79:38  warning  '$' is not defined                        no-undef
  80:3   warning  'endmass' is not defined                  no-undef
  80:13  warning  '$' is not defined                        no-undef
  81:3   warning  'beamlength' is not defined               no-undef
  81:16  warning  '$' is not defined                        no-undef
  82:3   warning  'dampingratio' is not defined             no-undef
  82:18  warning  '$' is not defined                        no-undef
  84:3   warning  Unnecessary semicolon                     no-extra-semi

✖ 407 problems (1 error, 406 warnings)
  0 errors and 1 warning potentially fixable with the `--fix` option.

